[    0.000000] Linux version 4.15.0-96-generic (buildd@lgw01-amd64-004) (gcc version 7.5.0 (Ubuntu 7.5.0-3ubuntu1~18.04)) #97-Ubuntu SMP Wed Apr 1 03:25:46 UTC 2020 (Ubuntu 4.15.0-96.97-generic 4.15.18)
[    0.000000] Command line: BOOT_IMAGE=/boot/vmlinuz-4.15.0-96-generic root=LABEL=cloudimg-rootfs ro console=tty1 console=ttyS0
[    0.000000] KERNEL supported cpus:
[    0.000000]   Intel GenuineIntel
[    0.000000]   AMD AuthenticAMD
[    0.000000]   Centaur CentaurHauls
[    0.000000] x86/fpu: Supporting XSAVE feature 0x001: 'x87 loating point registers'
[    0.000000] x86/fpu: Supporting XSAVE feature 0x002: 'SSE registers'
[    0.000000] x86/fpu: Supporting XSAVE feature 0x004: 'AVX registers'
[    0.000000] x86/fpu: xstate_offset[2]:  576, xstate_sizes[2]:  256
[    0.000000] x86/fpu: Enabled xstate features 0x7, context size is 832 bytes, using 'standard' format.
[    0.000000] e820: BIOS-provided physical RAM map:
[    0.000000] BIOS-e820: [mem 0x0000000000000000-0x000000000009fbff] usable
[    0.000000] BIOS-e820: [mem 0x000000000009fc00-0x000000000009ffff] reserved
[    0.000000] BIOS-e820: [mem 0x00000000000f0000-0x00000000000fffff] reserved
[    0.000000] BIOS-e820: [mem 0x0000000000100000-0x000000003ffeffff] usable
[    0.000000] BIOS-e820: [mem 0x000000003fff0000-0x000000003fffffff] ACPI data
[    0.000000] BIOS-e820: [mem 0x00000000fec00000-0x00000000fec00fff] reserved
[    0.000000] BIOS-e820: [mem 0x00000000fee00000-0x00000000fee00fff] reserved
[    0.000000] BIOS-e820: [mem 0x00000000fffc0000-0x00000000ffffffff] reserved
[    0.000000] NX (Execute Disable) protection: active
[    0.000000] SMBIOS 2.5 present.
[    0.000000] DMI: innotek GmbH VirtualBox/VirtualBox, BIOS VirtualBox 12/01/2006
[    0.000000] Hypervisor detected: KVM
[    0.000000] e820: last_pfn = 0x3fff0 max_arch_pfn = 0x400000000
[    0.000000] MTRR: Disabled
[    0.000000] x86/PAT: MTRRs disabled, skipping PAT initialization too.
[    0.000000] CPU MTRRs all blank - virtualized system.
[    0.000000] x86/PAT: Configuration [0-7]: WB  WT  UC- UC  WB  WT  UC- UC  
[    0.000000] found SMP MP-table at [mem 0x0009fff0-0x0009ffff]
[    0.000000] Scanning 1 areas for low memory corruption
[    0.000000] RAMDISK: [mem 0x35a6f000-0x36d2efff]
[    0.000000] ACPI: Early table checksum verification disabled
[    0.000000] ACPI: RSDP 0x00000000000E0000 000024 (v02 VBOX  )
[    0.000000] ACPI: XSDT 0x000000003FFF0030 00003C (v01 VBOX   VBOXXSDT 00000001 ASL  00000061)
[    0.000000] ACPI: FACP 0x000000003FFF00F0 0000F4 (v04 VBOX   VBOXFACP 00000001 ASL  00000061)
[    0.000000] ACPI: DSDT 0x000000003FFF0470 002325 (v02 VBOX   VBOXBIOS 00000002 INTL 20100528)
[    0.000000] ACPI: FACS 0x000000003FFF0200 000040
[    0.000000] ACPI: FACS 0x000000003FFF0200 000040
[    0.000000] ACPI: APIC 0x000000003FFF0240 00005C (v02 VBOX   VBOXAPIC 00000001 ASL  00000061)
[    0.000000] ACPI: SSDT 0x000000003FFF02A0 0001CC (v01 VBOX   VBOXCPUT 00000002 INTL 20100528)
[    0.000000] No NUMA configuration found
[    0.000000] Faking a node at [mem 0x0000000000000000-0x000000003ffeffff]
[    0.000000] NODE_DATA(0) allocated [mem 0x3ffc5000-0x3ffeffff]
[    0.000000] kvm-clock: cpu 0, msr 0:3ff44001, primary cpu clock
[    0.000000] kvm-clock: Using msrs 4b564d01 and 4b564d00
[    0.000000] kvm-clock: using sched offset of 6163784955 cycles
[    0.000000] clocksource: kvm-clock: mask: 0xffffffffffffffff max_cycles: 0x1cd42e4dffb, max_idle_ns: 881590591483 ns
[    0.000000] Zone ranges:
[    0.000000]   DMA      [mem 0x0000000000001000-0x0000000000ffffff]
[    0.000000]   DMA32    [mem 0x0000000001000000-0x000000003ffeffff]
[    0.000000]   Normal   empty
[    0.000000]   Device   empty
[    0.000000] Movable zone start for each node
[    0.000000] Early memory node ranges
[    0.000000]   node   0: [mem 0x0000000000001000-0x000000000009efff]
[    0.000000]   node   0: [mem 0x0000000000100000-0x000000003ffeffff]
[    0.000000] Reserved but unavailable: 98 pages
[    0.000000] Initmem setup node 0 [mem 0x0000000000001000-0x000000003ffeffff]
[    0.000000] ACPI: PM-Timer IO Port: 0x4008
[    0.000000] IOAPIC[0]: apic_id 2, version 32, address 0xfec00000, GSI 0-23
[    0.000000] ACPI: INT_SRC_OVR (bus 0 bus_irq 0 global_irq 2 dfl dfl)
[    0.000000] ACPI: INT_SRC_OVR (bus 0 bus_irq 9 global_irq 9 low level)
[    0.000000] Using ACPI (MADT) for SMP configuration information
[    0.000000] smpboot: Allowing 2 CPUs, 0 hotplug CPUs
[    0.000000] PM: Registered nosave memory: [mem 0x00000000-0x00000fff]
[    0.000000] PM: Registered nosave memory: [mem 0x0009f000-0x0009ffff]
[    0.000000] PM: Registered nosave memory: [mem 0x000a0000-0x000effff]
[    0.000000] PM: Registered nosave memory: [mem 0x000f0000-0x000fffff]
[    0.000000] e820: [mem 0x40000000-0xfebfffff] available for PCI devices
[    0.000000] Booting paravirtualized kernel on KVM
[    0.000000] clocksource: refined-jiffies: mask: 0xffffffff max_cycles: 0xffffffff, max_idle_ns: 7645519600211568 ns
[    0.000000] random: get_random_bytes called from start_kernel+0x99/0x4fd with crng_init=0
[    0.000000] setup_percpu: NR_CPUS:8192 nr_cpumask_bits:2 nr_cpu_ids:2 nr_node_ids:1
[    0.000000] percpu: Embedded 45 pages/cpu s147456 r8192 d28672 u1048576
[    0.000000] PV qspinlock hash table entries: 256 (order: 0, 4096 bytes)
[    0.000000] Built 1 zonelists, mobility grouping on.  Total pages: 257913
[    0.000000] Policy zone: DMA32
[    0.000000] Kernel command line: BOOT_IMAGE=/boot/vmlinuz-4.15.0-96-generic root=LABEL=cloudimg-rootfs ro console=tty1 console=ttyS0
[    0.000000] Memory: 983068K/1048120K available (12300K kernel code, 2481K rwdata, 4264K rodata, 2432K init, 2712K bss, 65052K reserved, 0K cma-reserved)
[    0.000000] SLUB: HWalign=64, Order=0-3, MinObjects=0, CPUs=2, Nodes=1
[    0.000000] Kernel/User page tables isolation: enabled
[    0.000000] ftrace: allocating 39351 entries in 154 pages
[    0.004000] Hierarchical RCU implementation.
[    0.004000] 	RCU restricting CPUs from NR_CPUS=8192 to nr_cpu_ids=2.
[    0.004000] 	Tasks RCU enabled.
[    0.004000] RCU: Adjusting geometry for rcu_fanout_leaf=16, nr_cpu_ids=2
[    0.004000] NR_IRQS: 524544, nr_irqs: 440, preallocated irqs: 16
[    0.004000] Console: colour VGA+ 80x25
[    0.004000] console [tty1] enabled
[    0.004000] console [ttyS0] enabled
[    0.004000] ACPI: Core revision 20170831
[    0.004000] ACPI: 2 ACPI AML tables successfully acquired and loaded
[    0.004000] APIC: Switch to symmetric I/O mode setup
[    0.004000] x2apic enabled
[    0.004000] Switched APIC routing to physical x2apic.
[    0.007521] ..TIMER: vector=0x30 apic1=0 pin1=2 apic2=-1 pin2=-1
[    0.008007] tsc: Detected 2304.004 MHz processor
[    0.012020] Calibrating delay loop (skipped) preset value.. 4608.00 BogoMIPS (lpj=9216016)
[    0.016009] pid_max: default: 32768 minimum: 301
[    0.018371] Security Framework initialized
[    0.020006] Yama: becoming mindful.
[    0.021630] AppArmor: AppArmor initialized
[    0.028110] Dentry cache hash table entries: 131072 (order: 8, 1048576 bytes)
[    0.032204] Inode-cache hash table entries: 65536 (order: 7, 524288 bytes)
[    0.036036] Mount-cache hash table entries: 2048 (order: 2, 16384 bytes)
[    0.040023] Mountpoint-cache hash table entries: 2048 (order: 2, 16384 bytes)
[    0.044000] Last level iTLB entries: 4KB 64, 2MB 8, 4MB 8
[    0.044011] Last level dTLB entries: 4KB 64, 2MB 0, 4MB 0, 1GB 4
[    0.048010] Spectre V1 : Mitigation: usercopy/swapgs barriers and __user pointer sanitization
[    0.050668] Spectre V2 : Mitigation: Full generic retpoline
[    0.052008] Spectre V2 : Spectre v2 / SpectreRSB mitigation: Filling RSB on context switch
[    0.055501] Speculative Store Bypass: Vulnerable
[    0.056086] MDS: Vulnerable: Clear CPU buffers attempted, no microcode
[    0.060310] Freeing SMP alternatives memory: 36K
[    0.174220] smpboot: CPU0: Intel(R) Core(TM) i3-7020U CPU @ 2.30GHz (family: 0x6, model: 0x8e, stepping: 0x9)
[    0.176000] Performance Events: unsupported p6 CPU model 142 no PMU driver, software events only.
[    0.176051] Hierarchical SRCU implementation.
[    0.180637] NMI watchdog: Perf event create on CPU 0 failed with -2
[    0.182608] NMI watchdog: Perf NMI watchdog permanently disabled
[    0.184000] smp: Bringing up secondary CPUs ...
[    0.184137] x86: Booting SMP configuration:
[    0.185491] .... node  #0, CPUs:      #1
[    0.004000] kvm-clock: cpu 1, msr 0:3ff44041, secondary cpu clock
[    0.194760] smp: Brought up 1 node, 2 CPUs
[    0.194760] smpboot: Max logical packages: 1
[    0.196008] smpboot: Total of 2 processors activated (9216.01 BogoMIPS)
[    0.198324] devtmpfs: initialized
[    0.200080] x86/mm: Memory block size: 128MB
[    0.201562] evm: security.selinux
[    0.202622] evm: security.SMACK64
[    0.204005] evm: security.SMACK64EXEC
[    0.205098] evm: security.SMACK64TRANSMUTE
[    0.206268] evm: security.SMACK64MMAP
[    0.208004] evm: security.apparmor
[    0.209126] evm: security.ima
[    0.210027] evm: security.capability
[    0.211130] clocksource: jiffies: mask: 0xffffffff max_cycles: 0xffffffff, max_idle_ns: 7645041785100000 ns
[    0.212018] futex hash table entries: 512 (order: 3, 32768 bytes)
[    0.220000] pinctrl core: initialized pinctrl subsystem
[    0.220191] RTC time: 14:16:19, date: 04/16/20
[    0.224200] NET: Registered protocol family 16
[    0.225612] audit: initializing netlink subsys (disabled)
[    0.227170] audit: type=2000 audit(1587046586.786:1): state=initialized audit_enabled=0 res=1
[    0.228019] cpuidle: using governor ladder
[    0.229195] cpuidle: using governor menu
[    0.232064] ACPI: bus type PCI registered
[    0.233237] acpiphp: ACPI Hot Plug PCI Controller Driver version: 0.5
[    0.236141] PCI: Using configuration type 1 for base access
[    0.240050] HugeTLB registered 2.00 MiB page size, pre-allocated 0 pages
[    0.242171] ACPI: Added _OSI(Module Device)
[    0.242171] ACPI: Added _OSI(Processor Device)
[    0.244005] ACPI: Added _OSI(3.0 _SCP Extensions)
[    0.245301] ACPI: Added _OSI(Processor Aggregator Device)
[    0.246856] ACPI: Added _OSI(Linux-Dell-Video)
[    0.248015] ACPI: Added _OSI(Linux-Lenovo-NV-HDMI-Audio)
[    0.249729] ACPI: Added _OSI(Linux-HPI-Hybrid-Graphics)
[    0.252488] ACPI: Executed 1 blocks of module-level executable AML code
[    0.261629] ACPI: Interpreter enabled
[    0.262806] ACPI: (supports S0 S5)
[    0.264005] ACPI: Using IOAPIC for interrupt routing
[    0.265822] PCI: Using host bridge windows from ACPI; if necessary, use "pci=nocrs" and report a bug
[    0.268332] ACPI: Enabled 2 GPEs in block 00 to 07
[    0.281655] ACPI: PCI Root Bridge [PCI0] (domain 0000 [bus 00-ff])
[    0.283735] acpi PNP0A03:00: _OSC: OS supports [ASPM ClockPM Segments MSI]
[    0.284929] acpi PNP0A03:00: _OSC: not requesting OS control; OS requires [ExtendedConfig ASPM ClockPM MSI]
[    0.288025] acpi PNP0A03:00: fail to add MMCONFIG information, can't access extended PCI configuration space under this bridge.
[    0.292911] PCI host bridge to bus 0000:00
[    0.294140] pci_bus 0000:00: root bus resource [io  0x0000-0x0cf7 window]
[    0.296006] pci_bus 0000:00: root bus resource [io  0x0d00-0xffff window]
[    0.297951] pci_bus 0000:00: root bus resource [mem 0x000a0000-0x000bffff window]
[    0.300005] pci_bus 0000:00: root bus resource [mem 0x40000000-0xfdffffff window]
[    0.304006] pci_bus 0000:00: root bus resource [bus 00-ff]
[    0.309730] pci 0000:00:01.1: legacy IDE quirk: reg 0x10: [io  0x01f0-0x01f7]
[    0.312000] pci 0000:00:01.1: legacy IDE quirk: reg 0x14: [io  0x03f6]
[    0.312006] pci 0000:00:01.1: legacy IDE quirk: reg 0x18: [io  0x0170-0x0177]
[    0.313976] pci 0000:00:01.1: legacy IDE quirk: reg 0x1c: [io  0x0376]
[    0.345256] pci 0000:00:07.0: quirk: [io  0x4000-0x403f] claimed by PIIX4 ACPI
[    0.347369] pci 0000:00:07.0: quirk: [io  0x4100-0x410f] claimed by PIIX4 SMB
[    0.359152] ACPI: PCI Interrupt Link [LNKA] (IRQs 5 9 10 *11)
[    0.360565] ACPI: PCI Interrupt Link [LNKB] (IRQs 5 9 *10 11)
[    0.362408] ACPI: PCI Interrupt Link [LNKC] (IRQs 5 *9 10 11)
[    0.364201] ACPI: PCI Interrupt Link [LNKD] (IRQs 5 9 10 *11)
[    0.366460] SCSI subsystem initialized
[    0.368080] pci 0000:00:02.0: vgaarb: setting as boot VGA device
[    0.370110] pci 0000:00:02.0: vgaarb: VGA device added: decodes=io+mem,owns=io+mem,locks=none
[    0.372007] pci 0000:00:02.0: vgaarb: bridge control possible
[    0.373670] vgaarb: loaded
[    0.376092] ACPI: bus type USB registered
[    0.377459] usbcore: registered new interface driver usbfs
[    0.379460] usbcore: registered new interface driver hub
[    0.380047] usbcore: registered new device driver usb
[    0.381573] EDAC MC: Ver: 3.0.0
[    0.384346] PCI: Using ACPI for IRQ routing
[    0.385793] NetLabel: Initializing
[    0.388004] NetLabel:  domain hash size = 128
[    0.389322] NetLabel:  protocols = UNLABELED CIPSOv4 CALIPSO
[    0.390966] NetLabel:  unlabeled traffic allowed by default
[    0.392167] clocksource: Switched to clocksource kvm-clock
[    0.420602] VFS: Disk quotas dquot_6.6.0
[    0.421841] VFS: Dquot-cache hash table entries: 512 (order 0, 4096 bytes)
[    0.423849] AppArmor: AppArmor Filesystem Enabled
[    0.425264] pnp: PnP ACPI init
[    0.427903] pnp: PnP ACPI: found 3 devices
[    0.442300] clocksource: acpi_pm: mask: 0xffffff max_cycles: 0xffffff, max_idle_ns: 2085701024 ns
[    0.445304] NET: Registered protocol family 2
[    0.446976] TCP established hash table entries: 8192 (order: 4, 65536 bytes)
[    0.449665] TCP bind hash table entries: 8192 (order: 5, 131072 bytes)
[    0.453619] TCP: Hash tables configured (established 8192 bind 8192)
[    0.457966] UDP hash table entries: 512 (order: 2, 16384 bytes)
[    0.460485] UDP-Lite hash table entries: 512 (order: 2, 16384 bytes)
[    0.462399] NET: Registered protocol family 1
[    0.463722] pci 0000:00:00.0: Limiting direct PCI/PCI transfers
[    0.465623] pci 0000:00:01.0: Activating ISA DMA hang workarounds
[    0.467557] pci 0000:00:02.0: Video device with shadowed ROM at [mem 0x000c0000-0x000dffff]
[    0.470412] Unpacking initramfs...
[    0.937691] Freeing initrd memory: 19200K
[    0.939444] clocksource: tsc: mask: 0xffffffffffffffff max_cycles: 0x2135fb8e938, max_idle_ns: 440795220508 ns
[    0.942571] platform rtc_cmos: registered platform RTC device (no PNP device found)
[    0.945638] Scanning for low memory corruption every 60 seconds
[    0.949376] Initialise system trusted keyrings
[    0.950787] Key type blacklist registered
[    0.952351] workingset: timestamp_bits=36 max_order=18 bucket_order=0
[    0.955822] zbud: loaded
[    0.957686] squashfs: version 4.0 (2009/01/31) Phillip Lougher
[    0.960190] fuse init (API version 7.26)
[    0.969118] Key type asymmetric registered
[    0.970327] Asymmetric key parser 'x509' registered
[    0.971858] Block layer SCSI generic (bsg) driver version 0.4 loaded (major 246)
[    0.974317] io scheduler noop registered
[    0.975475] io scheduler deadline registered
[    0.976906] io scheduler cfq registered (default)
[    0.978883] ACPI: AC Adapter [AC] (on-line)
[    0.980325] input: Power Button as /devices/LNXSYSTM:00/LNXPWRBN:00/input/input0
[    0.982819] ACPI: Power Button [PWRF]
[    0.984145] input: Sleep Button as /devices/LNXSYSTM:00/LNXSLPBN:00/input/input1
[    0.986397] ACPI: Sleep Button [SLPF]
[    0.989430] ACPI: Battery Slot [BAT0] (battery present)
[    0.991330] Serial: 8250/16550 driver, 32 ports, IRQ sharing enabled
[    1.014617] 00:02: ttyS0 at I/O 0x3f8 (irq = 4, base_baud = 115200) is a 16550A
[    1.024576] Linux agpgart interface v0.103
[    1.029548] loop: module loaded
[    1.032330] scsi host0: ata_piix
[    1.034233] scsi host1: ata_piix
[    1.035753] ata1: PATA max UDMA/33 cmd 0x1f0 ctl 0x3f6 bmdma 0xd000 irq 14
[    1.038539] ata2: PATA max UDMA/33 cmd 0x170 ctl 0x376 bmdma 0xd008 irq 15
[    1.040958] libphy: Fixed MDIO Bus: probed
[    1.042395] tun: Universal TUN/TAP device driver, 1.6
[    1.044301] PPP generic driver version 2.4.2
[    1.046682] ehci_hcd: USB 2.0 'Enhanced' Host Controller (EHCI) Driver
[    1.049298] ehci-pci: EHCI PCI platform driver
[    1.051326] ehci-platform: EHCI generic platform driver
[    1.053738] ohci_hcd: USB 1.1 'Open' Host Controller (OHCI) Driver
[    1.056521] ohci-pci: OHCI PCI platform driver
[    1.058595] ohci-platform: OHCI generic platform driver
[    1.061008] uhci_hcd: USB Universal Host Controller Interface driver
[    1.062950] i8042: PNP: PS/2 Controller [PNP0303:PS2K,PNP0f03:PS2M] at 0x60,0x64 irq 1,12
[    1.066268] serio: i8042 KBD port at 0x60,0x64 irq 1
[    1.068090] serio: i8042 AUX port at 0x60,0x64 irq 12
[    1.070351] mousedev: PS/2 mouse device common for all mice
[    1.074348] input: AT Translated Set 2 keyboard as /devices/platform/i8042/serio0/input/input2
[    1.076230] rtc_cmos rtc_cmos: rtc core: registered rtc_cmos as rtc0
[    1.079626] rtc_cmos rtc_cmos: alarms up to one day, 114 bytes nvram
[    1.081859] i2c /dev entries driver
[    1.083235] device-mapper: uevent: version 1.0.3
[    1.084704] device-mapper: ioctl: 4.37.0-ioctl (2017-09-20) initialised: dm-devel@redhat.com
[    1.087196] ledtrig-cpu: registered to indicate activity on CPUs
[    1.089821] NET: Registered protocol family 10
[    1.097592] Segment Routing with IPv6
[    1.099300] NET: Registered protocol family 17
[    1.101002] Key type dns_resolver registered
[    1.102563] mce: Using 0 MCE banks
[    1.103609] RAS: Correctable Errors collector initialized.
[    1.105170] sched_clock: Marking stable (1105138590, 0)->(1421394297, -316255707)
[    1.107781] registered taskstats version 1
[    1.109026] Loading compiled-in X.509 certificates
[    1.114273] Loaded X.509 cert 'Build time autogenerated kernel key: 244b473b43e18b01f00e37a87f2ecd28620f0244'
[    1.117603] zswap: loaded using pool lzo/zbud
[    1.124957] Key type big_key registered
[    1.127003] Key type trusted registered
[    1.131362] Key type encrypted registered
[    1.133258] AppArmor: AppArmor sha1 policy hashing enabled
[    1.135855] ima: No TPM chip found, activating TPM-bypass! (rc=-19)
[    1.138545] ima: Allocated hash algorithm: sha1
[    1.140224] evm: HMAC attrs: 0x1
[    1.142630]   Magic number: 0:394:283
[    1.144781] rtc_cmos rtc_cmos: setting system clock to 2020-04-16 14:16:20 UTC (1587046580)
[    1.149025] BIOS EDD facility v0.16 2004-Jun-25, 0 devices found
[    1.152104] EDD information not available.
[    1.229502] Freeing unused kernel image memory: 2432K
[    1.244082] Write protecting the kernel read-only data: 20480k
[    1.246541] Freeing unused kernel image memory: 2008K
[    1.248872] Freeing unused kernel image memory: 1880K
[    1.263411] x86/mm: Checked W+X mappings: passed, no W+X pages found.
[    1.265242] x86/mm: Checking user space page tables
[    1.277827] x86/mm: Checked W+X mappings: passed, no W+X pages found.
Loading, please wait...
starting version 237
[    1.392465] e1000: Intel(R) PRO/1000 Network Driver - version 7.3.21-k8-NAPI
[    1.394768] e1000: Copyright (c) 1999-2006 Intel Corporation.
[    1.398794] Fusion MPT base driver 3.04.20
[    1.400159] Copyright (c) 1999-2008 LSI Corporation
[    1.409260] Fusion MPT SPI Host driver 3.04.20
[    1.424009] AVX2 version of gcm_enc/dec engaged.
[    1.426272] AES CTR mode by8 optimization enabled
[    1.647503] input: ImExPS/2 Generic Explorer Mouse as /devices/platform/i8042/serio1/input/input4
[    1.952193] e1000 0000:00:03.0 eth0: (PCI:33MHz:32-bit) 02:d9:f0:ef:3d:0e
[    1.955379] e1000 0000:00:03.0 eth0: Intel(R) PRO/1000 Network Connection
[    1.961439] mptbase: ioc0: Initiating bringup
[    1.961781] e1000 0000:00:03.0 enp0s3: renamed from eth0
[    2.065111] ioc0: LSI53C1030 A0: Capabilities={Initiator}
[    2.307494] scsi host2: ioc0: LSI53C1030 A0, FwRev=00000000h, Ports=1, MaxQ=256, IRQ=20
[    2.477487] scsi 2:0:0:0: Direct-Access     VBOX     HARDDISK         1.0  PQ: 0 ANSI: 5
[    2.931483] scsi target2:0:0: Beginning Domain Validation
[    2.939147] scsi target2:0:0: Domain Validation skipping write tests
[    2.942886] scsi target2:0:0: Ending Domain Validation
[    2.947460] scsi target2:0:0: asynchronous
[    2.951043] scsi 2:0:1:0: Direct-Access     VBOX     HARDDISK         1.0  PQ: 0 ANSI: 5
[    3.947505] scsi target2:0:1: Beginning Domain Validation
[    3.954796] random: fast init done
[    3.960188] scsi target2:0:1: Domain Validation skipping write tests
[    3.963566] scsi target2:0:1: Ending Domain Validation
[    3.966872] scsi target2:0:1: asynchronous
[    3.982365] random: systemd-udevd: uninitialized urandom read (16 bytes read)
[    3.983105] sd 2:0:0:0: [sda] 20971520 512-byte logical blocks: (10.7 GB/10.0 GiB)
[    3.986168] random: systemd-udevd: uninitialized urandom read (16 bytes read)
[    3.991713] sd 2:0:0:0: Attached scsi generic sg0 type 0
[    3.994950] random: systemd-udevd: uninitialized urandom read (16 bytes read)
[    3.999736] sd 2:0:0:0: [sda] Write Protect is off
[    4.004121] sd 2:0:1:0: Attached scsi generic sg1 type 0
[    4.007146] sd 2:0:0:0: [sda] Incomplete mode parameter data
[    4.008882] sd 2:0:0:0: [sda] Assuming drive cache: write through
[    4.008912] sd 2:0:1:0: [sdb] 20480 512-byte logical blocks: (10.5 MB/10.0 MiB)
[    4.013368] sd 2:0:1:0: [sdb] Write Protect is off
[    4.015781] sd 2:0:1:0: [sdb] Incomplete mode parameter data
[    4.017684] sd 2:0:1:0: [sdb] Assuming drive cache: write through
[    4.024434]  sda: sda1
[    4.029156] sd 2:0:0:0: [sda] Attached SCSI disk
[    4.059166] sd 2:0:1:0: [sdb] Attached SCSI disk
Begin: Loading essential drivers ... [    6.300082] raid6: sse2x1   gen()  7549 MB/s
[    6.348383] raid6: sse2x1   xor()  5596 MB/s
[    6.396208] raid6: sse2x2   gen()  9424 MB/s
[    6.444065] raid6: sse2x2   xor()  6100 MB/s
[    6.492345] raid6: sse2x4   gen() 10452 MB/s
[    6.540198] raid6: sse2x4   xor()  6542 MB/s
[    6.588065] raid6: avx2x1   gen() 15153 MB/s
[    6.636291] raid6: avx2x1   xor() 10513 MB/s
[    6.684067] raid6: avx2x2   gen() 17960 MB/s
[    6.732520] raid6: avx2x2   xor() 11500 MB/s
[    6.780266] raid6: avx2x4   gen() 20536 MB/s
[    6.828203] raid6: avx2x4   xor() 11110 MB/s
[    6.830165] raid6: using algorithm avx2x4 gen() 20536 MB/s
[    6.832702] raid6: .... xor() 11110 MB/s, rmw enabled
[    6.834967] raid6: using avx2x2 recovery algorithm
[    6.839229] xor: automatically using best checksumming function   avx       
[    6.845230] async_tx: api initialized (async)
done.
Begin: Running /scripts/init-premount ... done.
Begin: Mounting root file system ... Begin: Running /scripts/local-top ... done.
Begin: Running /scripts/local-premount ... [    6.931919] Btrfs loaded, crc32c=crc32c-intel
Scanning for Btrfs filesystems
done.
Warning: fsck not present, so skipping root file system
[    7.110563] EXT4-fs (sda1): mounted filesystem with ordered data mode. Opts: (null)
done.
Begin: Running /scripts/local-bottom ... done.
Begin: Running /scripts/init-bottom ... done.
[    8.701169] ip_tables: (C) 2000-2006 Netfilter Core Team
[    8.736371] random: crng init done
[    8.739888] random: 7 urandom warning(s) missed due to ratelimiting
[    8.881084] systemd[1]: systemd 237 running in system mode. (+PAM +AUDIT +SELINUX +IMA +APPARMOR +SMACK +SYSVINIT +UTMP +LIBCRYPTSETUP +GCRYPT +GNUTLS +ACL +XZ +LZ4 +SECCOMP +BLKID +ELFUTILS +KMOD -IDN2 +IDN -PCRE2 default-hierarchy=hybrid)
[    8.894509] systemd[1]: Detected virtualization oracle.
[    8.897726] systemd[1]: Detected architecture x86-64.

Welcome to [1mUbuntu 18.04.4 LTS[0m!

[    9.023858] systemd[1]: Set hostname to <ubuntu>.
[    9.088413] systemd[1]: Initializing machine ID from random generator.
[    9.094341] systemd[1]: Installed transient /etc/machine-id file.
[   11.275694] systemd[1]: Started Forward Password Requests to Wall Directory Watch.
[[0;32m  OK  [0m] Started Forward Password Requests to Wall Directory Watch.
[   11.283922] systemd[1]: Created slice System Slice.
[[0;32m  OK  [0m] Created slice System Slice.
[   11.287022] systemd[1]: Listening on LVM2 metadata daemon socket.
[[0;32m  OK  [0m] Listening on LVM2 metadata daemon socket.
[   11.291351] systemd[1]: Listening on Device-mapper event daemon FIFOs.
[[0;32m  OK  [0m] Listening on Device-mapper event daemon FIFOs.
[[0;32m  OK  [0m] Listening on Syslog Socket.
[[0;32m  OK  [0m] Listening on udev Control Socket.
[[0;32m  OK  [0m] Listening on LVM2 poll daemon socket.
[[0;32m  OK  [0m] Listening on Network Service Netlink Socket.
[[0;32m  OK  [0m] Listening on udev Kernel Socket.
[[0;32m  OK  [0m] Listening on Journal Audit Socket.
[[0;32m  OK  [0m] Reached target Swap.
[[0;32m  OK  [0m] Created slice User and Session Slice.
[[0;32m  OK  [0m] Created slice system-serial\x2dgetty.slice.
[[0;32m  OK  [0m] Reached target System Time Synchronized.
[[0;32m  OK  [0m] Listening on Journal Socket.
         Starting Set the console keyboard layout...
         Starting Monitoring of LVM2 mirrors…ng dmeventd or progress polling...
         Starting udev Coldplug all Devices...
         Starting Load Kernel Modules...
         Starting Create list of required st…ce nodes for the current kernel...
[[0;32m  OK  [0m] Listening on /dev/initctl Compatibility Named Pipe.
[[0;32m  OK  [0m] Set up automount Arbitrary Executab…rmats File System Automount Point.
         Mounting POSIX Message Queue File System...
         Starting Uncomplicated firewall...
[[0;32m  OK  [0m] Reached target Slices.
         Mounting Kernel Debug File System...
[[0;32m  OK  [0m] Reached target User and Group Name Lookups.
         Mounting Huge Pages File System...
         Starting Remount Root and Kernel File Systems...
[[0;32m  OK  [0m] Listening on Journal Socket (/dev/log).
         Starting Journal Service...
[[0;32m  OK  [0m] Started Create list of required sta…vice nodes for the current kernel.
[[0;32m  OK  [0m] Started Uncomplicated firewall.
         Starting Create Static Device Nodes in /dev...
[[0;32m  OK  [0m] Started udev Coldplug all Devices.
[[0;32m  OK  [0m] Mounted POSIX Message Queue File System.
[[0;32m  OK  [0m] Mounted Kernel Debug File System.
[[0;32m  OK  [0m] Mounted Huge Pages File System.
[[0;32m  OK  [0m] Started Journal Service.
[[0;32m  OK  [0m] Started Set the console keyboard layout.
[   12.284022] Loading iSCSI transport class v2.0-870.
[   12.301545] EXT4-fs (sda1): re-mounted. Opts: (null)
[[0;32m  OK  [0m] Started Remount Root and Kernel File Systems.
         Starting Load/Save Random Seed...
[   12.391375] iscsi: registered transport (tcp)
         Starting Flush Journal to Persistent Storage...
[[0;32m  OK  [0m] Started LVM2 metadata daemon.
[   12.599630] iscsi: registered transport (iser)
[[0;32m  OK  [0m] Started Load Kernel Modules.
         Starting Apply Kernel Variables...
         Mounting Kernel Configuration File System...
         Mounting FUSE Control File System...
[[0;32m  OK  [0m] Mounted Kernel Configuration File System.
[[0;32m  OK  [0m] Mounted FUSE Control File System.
[   12.628294] systemd-journald[407]: Received request to flush runtime journal from PID 1
[[0;32m  OK  [0m] Started Load/Save Random Seed.
[[0;32m  OK  [0m] Started Create Static Device Nodes in /dev.
         Starting udev Kernel Device Manager...
[[0;32m  OK  [0m] Started Monitoring of LVM2 mirrors,…sing dmeventd or progress polling.
[[0;32m  OK  [0m] Reached target Local File Systems (Pre).
[[0;32m  OK  [0m] Reached target Local File Systems.
         Starting ebtables ruleset management...
         Starting Tell Plymouth To Write Out Runtime Data...
         Starting Set console font and keymap...
         Starting AppArmor initialization...
         Starting Commit a transient machine-id on disk...
[[0;32m  OK  [0m] Started udev Kernel Device Manager.
[[0;32m  OK  [0m] Started Dispatch Password Requests to Console Directory Watch.
[[0;32m  OK  [0m] Reached target Local Encrypted Volumes.
[[0;32m  OK  [0m] Started Apply Kernel Variables.
[[0;32m  OK  [0m] Started Tell Plymouth To Write Out Runtime Data.
[[0;32m  OK  [0m] Started Set console font and keymap.
[[0;32m  OK  [0m] Started Flush Journal to Persistent Storage.
         Starting Create Volatile Files and Directories...
[[0;32m  OK  [0m] Started Commit a transient machine-id on disk.
[[0;32m  OK  [0m] Found device /dev/ttyS0.
[[0;32m  OK  [0m] Listening on Load/Save RF Kill Switch Status /dev/rfkill Watch.
[[0;32m  OK  [0m] Started Create Volatile Files and Directories.
         Starting Update UTMP about System Boot/Shutdown...
[[0;32m  OK  [0m] Started Update UTMP about System Boot/Shutdown.
[[0;32m  OK  [0m] Started ebtables ruleset management.
[[0;32m  OK  [0m] Started AppArmor initialization.
         Starting Initial cloud-init job (pre-networking)...
[   25.345813] cloud-init[554]: Cloud-init v. 19.4-33-gbb4131a2-0ubuntu1~18.04.1 running 'init-local' at Thu, 16 Apr 2020 14:16:43 +0000. Up 24.08 seconds.
[[0;32m  OK  [0m] Started Initial cloud-init job (pre-networking).
[[0;32m  OK  [0m] Reached target Network (Pre).
         Starting Network Service...
[[0;32m  OK  [0m] Started Network Service.
         Starting Wait for Network to be Configured...
         Starting Network Name Resolution...
[[0;32m  OK  [0m] Started Network Name Resolution.
[[0;32m  OK  [0m] Reached target Host and Network Name Lookups.
[[0;32m  OK  [0m] Reached target Network.
[[0;32m  OK  [0m] Started Wait for Network to be Configured.
         Starting Initial cloud-init job (metadata service crawler)...
[   28.385791] cloud-init[677]: Cloud-init v. 19.4-33-gbb4131a2-0ubuntu1~18.04.1 running 'init' at Thu, 16 Apr 2020 14:16:47 +0000. Up 27.96 seconds.
[   28.388889] cloud-init[677]: ci-info: ++++++++++++++++++++++++++++++++++++++Net device info++++++++++++++++++++++++++++++++++++++
[   28.391642] cloud-init[677]: ci-info: +--------+------+----------------------------+---------------+--------+-------------------+
[   28.394408] cloud-init[677]: ci-info: | Device |  Up  |          Address           |      Mask     | Scope  |     Hw-Address    |
[   28.397192] cloud-init[677]: ci-info: +--------+------+----------------------------+---------------+--------+-------------------+
[   28.399943] cloud-init[677]: ci-info: | enp0s3 | True |         10.0.2.15          | 255.255.255.0 | global | 02:d9:f0:ef:3d:0e |
[   28.402802] cloud-init[677]: ci-info: | enp0s3 | True | fe80::d9:f0ff:feef:3d0e/64 |       .       |  link  | 02:d9:f0:ef:3d:0e |
[   28.406867] cloud-init[677]: ci-info: |   lo   | True |         127.0.0.1          |   255.0.0.0   |  host  |         .         |
[   28.410640] cloud-init[677]: ci-info: |   lo   | True |          ::1/128           |       .       |  host  |         .         |
[   28.414710] cloud-init[677]: ci-info: +--------+------+----------------------------+---------------+--------+-------------------+
[   28.418088] cloud-init[677]: ci-info: ++++++++++++++++++++++++++++Route IPv4 info+++++++++++++++++++++++++++++
[   28.420626] cloud-init[677]: ci-info: +-------+-------------+----------+-----------------+-----------+-------+
[   28.422732] cloud-init[677]: ci-info: | Route | Destination | Gateway  |     Genmask     | Interface | Flags |
[   28.425395] cloud-init[677]: ci-info: +-------+-------------+----------+-----------------+-----------+-------+
[   28.427191] cloud-init[677]: ci-info: |   0   |   0.0.0.0   | 10.0.2.2 |     0.0.0.0     |   enp0s3  |   UG  |
[   28.430391] cloud-init[677]: ci-info: |   1   |   10.0.2.0  | 0.0.0.0  |  255.255.255.0  |   enp0s3  |   U   |
[   28.433939] cloud-init[677]: ci-info: |   2   |   10.0.2.2  | 0.0.0.0  | 255.255.255.255 |   enp0s3  |   UH  |
[   28.436938] cloud-init[677]: ci-info: +-------+-------------+----------+-----------------+-----------+-------+
[   28.439921] cloud-init[677]: ci-info: +++++++++++++++++++Route IPv6 info+++++++++++++++++++
[   28.442952] cloud-init[677]: ci-info: +-------+-------------+---------+-----------+-------+
[   28.446508] cloud-init[677]: ci-info: | Route | Destination | Gateway | Interface | Flags |
[   28.449979] cloud-init[677]: ci-info: +-------+-------------+---------+-----------+-------+
[   28.452570] cloud-init[677]: ci-info: |   1   |  fe80::/64  |    ::   |   enp0s3  |   U   |
[   28.455186] cloud-init[677]: ci-info: |   3   |    local    |    ::   |   enp0s3  |   U   |
[   28.457857] cloud-init[677]: ci-info: |   4   |   ff00::/8  |    ::   |   enp0s3  |   U   |
[   28.460544] cloud-init[677]: ci-info: +-------+-------------+---------+-----------+-------+
[   31.575578] cloud-init[677]: Generating public/private rsa key pair.
[   31.577334] cloud-init[677]: Your identification has been saved in /etc/ssh/ssh_host_rsa_key.
[   31.580360] cloud-init[677]: Your public key has been saved in /etc/ssh/ssh_host_rsa_key.pub.
[   31.582817] cloud-init[677]: The key fingerprint is:
[   31.584373] cloud-init[677]: SHA256:Mz4SQ2sR7ZOd/aqABqmbIUhOlFfMP6b/OM4vcQzkiCg root@ubuntu-bionic
[   31.587145] cloud-init[677]: The key's randomart image is:
[   31.588623] cloud-init[677]: +---[RSA 2048]----+
[   31.590621] cloud-init[677]: |    o...         |
[   31.592256] cloud-init[677]: |  . .o o.        |
[   31.593980] cloud-init[677]: | o... B. o o     |
[   31.595293] cloud-init[677]: |E... + O+ o .    |
[   31.596924] cloud-init[677]: |.o  o B S.   .   |
[   31.599007] cloud-init[677]: |=  . + * =    .  |
[   31.600282] cloud-init[677]: |o.o   = *    .   |
[   31.612416] cloud-init[677]: | . + ..=.o  .    |
[   31.613772] cloud-init[677]: |  o   .+=o..     |
[   31.625574] cloud-init[677]: +----[SHA256]-----+
[   31.626864] cloud-init[677]: Generating public/private dsa key pair.
[   31.628598] cloud-init[677]: Your identification has been saved in /etc/ssh/ssh_host_dsa_key.
[   31.631849] cloud-init[677]: Your public key has been saved in /etc/ssh/ssh_host_dsa_key.pub.
[   31.633932] cloud-init[677]: The key fingerprint is:
[   31.644678] cloud-init[677]: SHA256:d6H6l2VXO7bE3h+obqWUKKbRQYGkCL2UaRBWL8saboQ root@ubuntu-bionic
[   31.656412] cloud-init[677]: The key's randomart image is:
[   31.658710] cloud-init[677]: +---[DSA 1024]----+
[   31.660103] cloud-init[677]: |+=.+.....        |
[   31.661302] cloud-init[677]: |o B o. .         |
[   31.662757] cloud-init[677]: | + + ..     .    |
[   31.664563] cloud-init[677]: |. o o  .   . .  .|
[   31.666832] cloud-init[677]: |Eo o  . S + o . o|
[   31.668231] cloud-init[677]: |o o  . + + + .+*.|
[   31.670164] cloud-init[677]: | +    + o . o=+o+|
[   31.671561] cloud-init[677]: |.    .   . o+  oo|
[   31.673023] cloud-init[677]: |          ++    o|
[   31.684768] cloud-init[677]: +----[SHA256]-----+
[   31.686458] cloud-init[677]: Generating public/private ecdsa key pair.
[   31.688367] cloud-init[677]: Your identification has been saved in /etc/ssh/ssh_host_ecdsa_key.
[   31.690718] cloud-init[677]: Your public key has been saved in /etc/ssh/ssh_host_ecdsa_key.pub.
[   31.704799] cloud-init[677]: The key fingerprint is:
[   31.706318] cloud-init[677]: SHA256:NjO7qwdYk8hECH82FUK9e2ggv/h8tiGJOppSnbRxIDA root@ubuntu-bionic
[   31.708949] cloud-init[677]: The key's randomart image is:
[   31.711857] cloud-init[677]: +---[ECDSA 256]---+
[[   31.724539] cloud-init[677]: |Eo ++.o.         |
[   31.724740] cloud-init[677]: | oo oo.          |
[   31.726026] cloud-init[677]: |  .++o o         |
[0;32m  OK  [0m] Started Initial cloud-init job (metadata service crawler).
[   31.726830] cloud-init[677]: |  .o*.*          |
[[0;32m  OK  [0m] Reached target Network is Online.
[   31.732377] cloud-init[677]: |   = O +S        |
[   31.734129] cloud-init[677]: |  ..*.=..=       |
[   31.736057] cloud-init[677]: | ...oo.o.        |
[   31.737959] cloud-init[677]: |oo....o...       |
[   31.740270] cloud-init[677]: |*. .ooo+o.       |
         Starting Availability of block devices...
[[0;32m  OK  [0m] Reached target Remote File Systems (Pre).
[[0;32m  OK  [0m] Reached target Remote File Systems.
[[   31.743025] cloud-init[677]: +----[SHA256]-----+
[   31.748678] cloud-init[677]: Generating public/private ed25519 key pair.
[0;32m  OK  [0m] Reached target System Initialization.
[   31.750085] cloud-init[677]: Your identification has been saved in /etc/ssh/ssh_host_ed25519_key.
[[0;32m  OK  [0m] Listening on D-Bus System Message Bus Socket.
[   31.756340] cloud-init[677]: Your public key has been saved in /etc/ssh/ssh_host_ed25519_key.pub.
[   31.761174] cloud-init[677]: The key fingerprint is:
[   31.772540] cloud-init[677]: SHA256:E7Uh9XHOQyPze280TSOw9qmJqarQUq/abZeEEdQM+Ek root@ubuntu-bionic
[   31.775454] cloud-init[677]: The key's randomart image is:
[   31.777952] cloud-init[677]: +--[ED25519 256]--+
[   31.781481] cloud-init[677]: |    oo+ ..+.+ +  |
[   31.800780] [cloud-init[0;32m  OK  [0m[677]: ] |   . E o o +oX . |Started ACPI Events Check.

[[0;32m  OK  [0m] Listening on UUID daemon activation socket.
[   31.804205] [[0;32m  OK  [0m] Started Discard unused blocks once a week.
[[0;32m  OK  [0m] Listening on ACPID Listen Socket.
[[0;32m  OK  [0m] Started Message of the Day.
[[0;32m  OK  [0m] Listening on Open-iSCSI iscsid Socket.
cloud-init[677]:          Starting Socket activation for snappy daemon.
|    o o . .o..=..|
[   31.815321] cloud-init[677]: |     +   .. . o+o|
[   31.819488] cloud-init[677]: |   .  o S    o..+|
[   31.821741] cloud-init[677]: |  o .. . .o o  oo|
[   31.823461] cloud-init[677]: | o . .. .o o    o|
[   31.825621] cloud-init[677]: |  + o. o.      . |
[   31.829084] cloud-init[677]: | ..+ooo.         |         Starting LXD - unix socket.
[[0;32m  OK  [0m] Started Daily Cleanup of Temporary Directories.
[[0;32m  OK  [0m] Reached target Paths.
[[0;32m  OK  [0m] Started Daily apt download activities.
[[0;32m  OK  [0m] Started Daily apt upgrade and clean activities.
[[0;32m  OK  [0m] Reached target Timers.
[[0;32m  OK  [0m] Reached target Cloud-config availability.

[[0;32m  OK  [0m] Started Availability of block devices.
[[0;32m  OK  [0m] Listening on Socket activation for snappy daemon.
[[0;32m  OK  [0m] Listening on LXD - unix socket.
[[0;32m  OK  [0m] Reached target Sockets.
[[0;32m  OK  [0m] Reached target Basic System.
         Starting LSB: Record successful boot for GRUB...
[   31.843655] cloud-init[677]: +----[SHA256]-----+
         Starting LSB: automatic crash report generation...
[[0;32m  OK  [0m] Started D-Bus System Message Bus.
         Starting System Logging Service...
         Starting LXD - container startup/shutdown...
         Starting Pollinate to seed the pseudo random number generator...
         Starting Dispatcher daemon for systemd-networkd...
         Starting Accounts Service...
         Starting Login Service...
[[0;32m  OK  [0m] Started Regular background program processing daemon.
         Starting Permit User Sessions...
         Starting Virtualbox guest utils...
[[0;32m  OK  [0m] Started irqbalance daemon.
[[0;32m  OK  [0m] Started FUSE filesystem for LXC.
[[0;32m  OK  [0m] Started Deferred execution scheduler.
         Starting Snappy daemon...
[[0;32m  OK  [0m] Started Permit User Sessions.
[[0;32m  OK  [0m] Started Login Service.
[[0;32m  OK  [0m] Started Unattended Upgrades Shutdown.
         Starting Terminate Plymouth Boot Screen...
         Starting Hold until boot process finishes up...
[[0;32m  OK  [0m] Started Hold until boot process finishes up.
[[0;32m  OK  [0m] Started Serial Getty on ttyS0.
         Starting Set console scheme...
[[0;32m  OK  [0m] Started Terminate Plymouth Boot Screen.
[[0;32m  OK  [0m] Started System Logging Service.
[[0;32m  OK  [0m] Started Set console scheme.
[[0;32m  OK  [0m] Created slice system-getty.slice.
[[0;32m  OK  [0m] Started Getty on tty1.
[[0;32m  OK  [0m] Reached target Login Prompts.
[[0;32m  OK  [0m] Started LSB: automatic crash report generation.
[[0;32m  OK  [0m] Started LSB: Record successful boot for GRUB.
         Starting Authorization Manager...
[[0;32m  OK  [0m] Started Virtualbox guest utils.
[[0;32m  OK  [0m] Started Dispatcher daemon for systemd-networkd.
[[0;32m  OK  [0m] Started Authorization Manager.
[[0;32m  OK  [0m] Started Accounts Service.

Ubuntu 18.04.4 LTS ubuntu-bionic ttyS0

ubuntu-bionic login: [   56.459254] cloud-init[1365]: Cloud-init v. 19.4-33-gbb4131a2-0ubuntu1~18.04.1 running 'modules:config' at Thu, 16 Apr 2020 14:17:06 +0000. Up 47.01 seconds.
ci-info: no authorized SSH keys fingerprints found for user ubuntu.
<14>Apr 16 14:17:17 ec2: 
<14>Apr 16 14:17:17 ec2: #############################################################
<14>Apr 16 14:17:17 ec2: -----BEGIN SSH HOST KEY FINGERPRINTS-----
<14>Apr 16 14:17:17 ec2: 1024 SHA256:d6H6l2VXO7bE3h+obqWUKKbRQYGkCL2UaRBWL8saboQ root@ubuntu-bionic (DSA)
<14>Apr 16 14:17:17 ec2: 256 SHA256:NjO7qwdYk8hECH82FUK9e2ggv/h8tiGJOppSnbRxIDA root@ubuntu-bionic (ECDSA)
<14>Apr 16 14:17:17 ec2: 256 SHA256:E7Uh9XHOQyPze280TSOw9qmJqarQUq/abZeEEdQM+Ek root@ubuntu-bionic (ED25519)
<14>Apr 16 14:17:17 ec2: 2048 SHA256:Mz4SQ2sR7ZOd/aqABqmbIUhOlFfMP6b/OM4vcQzkiCg root@ubuntu-bionic (RSA)
<14>Apr 16 14:17:17 ec2: -----END SSH HOST KEY FINGERPRINTS-----
<14>Apr 16 14:17:17 ec2: #############################################################
-----BEGIN SSH HOST KEY KEYS-----
ecdsa-sha2-nistp256 AAAAE2VjZHNhLXNoYTItbmlzdHAyNTYAAAAIbmlzdHAyNTYAAABBBAUamZsKW0QIlqF1hGPmnzRs+ti5xOeEcIicHhGUBVvvsJfX7+0jNak8kvtQ/3d5GMfMk3rxkfwovK+D/g6v1ac= root@ubuntu-bionic
ssh-ed25519 AAAAC3NzaC1lZDI1NTE5AAAAIBYVHf0aGjueeboOsjL9cI74dXDgpkJ61fuZln6pR14K root@ubuntu-bionic
ssh-rsa AAAAB3NzaC1yc2EAAAADAQABAAABAQDKhT0Ta0aDliGi3pT00UPiv9Pyg4aDXzCPnzZjEEaX7xKXYuPT4UThmFMzp1BDGFgwTGr9tXM+1OZBMRJYC6b8IXfsHMmERS286BI2RAgX9rHy6bM8uYNQSptpFA4bVi2Sf0akjR9LNX8V/t9XIVjVEq+JUfKCDlg0oPaJSHQBM38MyYfN+qzm7EXetcMxltXj8VfnRUmSPr1k4ttV2yioD/a0JqLQv27zt31Oc31KPFWSS1LiAtcT/eShkEvbtjU4LVcbkVFp4Fjm3GPW3CWH9O3cOQQ4nEIHErCvdClqNGmnTUu/Yjb7OnMXMrV1HHjvfc/kSWI2hkEjKeDrK9y1 root@ubuntu-bionic
-----END SSH HOST KEY KEYS-----
[   58.051612] cloud-init[1510]: Cloud-init v. 19.4-33-gbb4131a2-0ubuntu1~18.04.1 running 'modules:final' at Thu, 16 Apr 2020 14:17:16 +0000. Up 57.53 seconds.
[   58.051783] cloud-init[1510]: ci-info: no authorized SSH keys fingerprints found for user ubuntu.
[   58.053045] cloud-init[1510]: Cloud-init v. 19.4-33-gbb4131a2-0ubuntu1~18.04.1 finished at Thu, 16 Apr 2020 14:17:17 +0000. Datasource DataSourceNoCloud [seed=/dev/sdb][dsmode=net].  Up 58.00 seconds
